# JRE version: Java(TM) SE Runtime Environment (8.0_112-b15) (build 1.8.0_112-b15)
# Java VM: Java HotSpot(TM) 64-Bit Server VM (25.112-b15 mixed mode windows-amd64 compressed oops)
Heap:
 PSYoungGen      total 326656K, used 37513K [0x00000000d5f00000, 0x00000000eae80000, 0x0000000100000000)
  eden space 309760K, 6% used [0x00000000d5f00000,0x00000000d7327d70,0x00000000e8d80000)
  from space 16896K, 99% used [0x00000000e8d80000,0x00000000e9dfa768,0x00000000e9e00000)
  to   space 11264K, 0% used [0x00000000ea380000,0x00000000ea380000,0x00000000eae80000)
 ParOldGen       total 88064K, used 32259K [0x0000000081c00000, 0x0000000087200000, 0x00000000d5f00000)
  object space 88064K, 36% used [0x0000000081c00000,0x0000000083b80fb8,0x0000000087200000)
 Metaspace       used 39286K, capacity 39822K, committed 40104K, reserved 1085440K
  class space    used 4838K, capacity 4976K, committed 5040K, reserved 1048576K
GC Heap History (10 events):
Event: 27.380 GC heap before
{Heap before GC invocations=11 (full 1):
 PSYoungGen      total 181760K, used 44283K [0x00000000d5f00000, 0x00000000e5980000, 0x0000000100000000)
  eden space 171520K, 19% used [0x00000000d5f00000,0x00000000d8041b70,0x00000000e0680000)
  from space 10240K, 99% used [0x00000000e0680000,0x00000000e107d2e8,0x00000000e1080000)
  to   space 14848K, 0% used [0x00000000e4b00000,0x00000000e4b00000,0x00000000e5980000)
 ParOldGen       total 54272K, used 15863K [0x0000000081c00000, 0x0000000085100000, 0x00000000d5f00000)
  object space 54272K, 29% used [0x0000000081c00000,0x0000000082b7dff8,0x0000000085100000)
 Metaspace       used 34790K, capacity 35250K, committed 35496K, reserved 1081344K
  class space    used 4328K, capacity 4447K, committed 4528K, reserved 1048576K
Event: 27.402 GC heap after
Heap after GC invocations=11 (full 1):
 PSYoungGen      total 241664K, used 9554K [0x00000000d5f00000, 0x00000000e6400000, 0x0000000100000000)
  eden space 226816K, 0% used [0x00000000d5f00000,0x00000000d5f00000,0x00000000e3c80000)
  from space 14848K, 64% used [0x00000000e4b00000,0x00000000e5454928,0x00000000e5980000)
  to   space 14848K, 0% used [0x00000000e3c80000,0x00000000e3c80000,0x00000000e4b00000)
 ParOldGen       total 54272K, used 21044K [0x0000000081c00000, 0x0000000085100000, 0x00000000d5f00000)
  object space 54272K, 38% used [0x0000000081c00000,0x000000008308d068,0x0000000085100000)
 Metaspace       used 34790K, capacity 35250K, committed 35496K, reserved 1081344K
  class space    used 4328K, capacity 4447K, committed 4528K, reserved 1048576K
}
Event: 27.402 GC heap before
{Heap before GC invocations=12 (full 2):
 PSYoungGen      total 241664K, used 9554K [0x00000000d5f00000, 0x00000000e6400000, 0x0000000100000000)
  eden space 226816K, 0% used [0x00000000d5f00000,0x00000000d5f00000,0x00000000e3c80000)
  from space 14848K, 64% used [0x00000000e4b00000,0x00000000e5454928,0x00000000e5980000)
  to   space 14848K, 0% used [0x00000000e3c80000,0x00000000e3c80000,0x00000000e4b00000)
 ParOldGen       total 54272K, used 21044K [0x0000000081c00000, 0x0000000085100000, 0x00000000d5f00000)
  object space 54272K, 38% used [0x0000000081c00000,0x000000008308d068,0x0000000085100000)
 Metaspace       used 34790K, capacity 35250K, committed 35496K, reserved 1081344K
  class space    used 4328K, capacity 4447K, committed 4528K, reserved 1048576K
Event: 27.547 GC heap after
Heap after GC invocations=12 (full 2):
 PSYoungGen      total 241664K, used 0K [0x00000000d5f00000, 0x00000000e6400000, 0x0000000100000000)
  eden space 226816K, 0% used [0x00000000d5f00000,0x00000000d5f00000,0x00000000e3c80000)
  from space 14848K, 0% used [0x00000000e4b00000,0x00000000e4b00000,0x00000000e5980000)
  to   space 14848K, 0% used [0x00000000e3c80000,0x00000000e3c80000,0x00000000e4b00000)
 ParOldGen       total 88064K, used 21616K [0x0000000081c00000, 0x0000000087200000, 0x00000000d5f00000)
  object space 88064K, 24% used [0x0000000081c00000,0x000000008311c150,0x0000000087200000)
 Metaspace       used 34790K, capacity 35250K, committed 35496K, reserved 1081344K
  class space    used 4328K, capacity 4447K, committed 4528K, reserved 1048576K
}
Event: 33.184 GC heap before
{Heap before GC invocations=13 (full 2):
 PSYoungGen      total 241664K, used 226816K [0x00000000d5f00000, 0x00000000e6400000, 0x0000000100000000)
  eden space 226816K, 100% used [0x00000000d5f00000,0x00000000e3c80000,0x00000000e3c80000)
  from space 14848K, 0% used [0x00000000e4b00000,0x00000000e4b00000,0x00000000e5980000)
  to   space 14848K, 0% used [0x00000000e3c80000,0x00000000e3c80000,0x00000000e4b00000)
 ParOldGen       total 88064K, used 21616K [0x0000000081c00000, 0x0000000087200000, 0x00000000d5f00000)
  object space 88064K, 24% used [0x0000000081c00000,0x000000008311c150,0x0000000087200000)
 Metaspace       used 37423K, capacity 37892K, committed 38312K, reserved 1083392K
  class space    used 4618K, capacity 4706K, committed 4784K, reserved 1048576K
Event: 33.219 GC heap after
Heap after GC invocations=13 (full 2):
 PSYoungGen      total 241664K, used 14845K [0x00000000d5f00000, 0x00000000eb400000, 0x0000000100000000)
  eden space 226816K, 0% used [0x00000000d5f00000,0x00000000d5f00000,0x00000000e3c80000)
  from space 14848K, 99% used [0x00000000e3c80000,0x00000000e4aff730,0x00000000e4b00000)
  to   space 16896K, 0% used [0x00000000ea380000,0x00000000ea380000,0x00000000eb400000)
 ParOldGen       total 88064K, used 22813K [0x0000000081c00000, 0x0000000087200000, 0x00000000d5f00000)
  object space 88064K, 25% used [0x0000000081c00000,0x00000000832476e8,0x0000000087200000)
 Metaspace       used 37423K, capacity 37892K, committed 38312K, reserved 1083392K
  class space    used 4618K, capacity 4706K, committed 4784K, reserved 1048576K
}
Event: 38.264 GC heap before
{Heap before GC invocations=14 (full 2):
 PSYoungGen      total 241664K, used 241661K [0x00000000d5f00000, 0x00000000eb400000, 0x0000000100000000)
  eden space 226816K, 100% used [0x00000000d5f00000,0x00000000e3c80000,0x00000000e3c80000)
  from space 14848K, 99% used [0x00000000e3c80000,0x00000000e4aff730,0x00000000e4b00000)
  to   space 16896K, 0% used [0x00000000ea380000,0x00000000ea380000,0x00000000eb400000)
 ParOldGen       total 88064K, used 22813K [0x0000000081c00000, 0x0000000087200000, 0x00000000d5f00000)
  object space 88064K, 25% used [0x0000000081c00000,0x00000000832476e8,0x0000000087200000)
 Metaspace       used 38058K, capacity 38512K, committed 38952K, reserved 1083392K
  class space    used 4695K, capacity 4804K, committed 4912K, reserved 1048576K
Event: 38.296 GC heap after
Heap after GC invocations=14 (full 2):
 PSYoungGen      total 321024K, used 10266K [0x00000000d5f00000, 0x00000000eae80000, 0x0000000100000000)
  eden space 309760K, 0% used [0x00000000d5f00000,0x00000000d5f00000,0x00000000e8d80000)
  from space 11264K, 91% used [0x00000000ea380000,0x00000000ead86968,0x00000000eae80000)
  to   space 16896K, 0% used [0x00000000e8d80000,0x00000000e8d80000,0x00000000e9e00000)
 ParOldGen       total 88064K, used 27835K [0x0000000081c00000, 0x0000000087200000, 0x00000000d5f00000)
  object space 88064K, 31% used [0x0000000081c00000,0x000000008372eff8,0x0000000087200000)
 Metaspace       used 38058K, capacity 38512K, committed 38952K, reserved 1083392K
  class space    used 4695K, capacity 4804K, committed 4912K, reserved 1048576K
}
Event: 45.906 GC heap before
{Heap before GC invocations=15 (full 2):
 PSYoungGen      total 321024K, used 320026K [0x00000000d5f00000, 0x00000000eae80000, 0x0000000100000000)
  eden space 309760K, 100% used [0x00000000d5f00000,0x00000000e8d80000,0x00000000e8d80000)
  from space 11264K, 91% used [0x00000000ea380000,0x00000000ead86968,0x00000000eae80000)
  to   space 16896K, 0% used [0x00000000e8d80000,0x00000000e8d80000,0x00000000e9e00000)
 ParOldGen       total 88064K, used 27835K [0x0000000081c00000, 0x0000000087200000, 0x00000000d5f00000)
  object space 88064K, 31% used [0x0000000081c00000,0x000000008372eff8,0x0000000087200000)
 Metaspace       used 39283K, capacity 39822K, committed 40104K, reserved 1085440K
  class space    used 4837K, capacity 4976K, committed 5040K, reserved 1048576K
Event: 45.979 GC heap after
Heap after GC invocations=15 (full 2):
 PSYoungGen      total 326656K, used 16873K [0x00000000d5f00000, 0x00000000eae80000, 0x0000000100000000)
  eden space 309760K, 0% used [0x00000000d5f00000,0x00000000d5f00000,0x00000000e8d80000)
  from space 16896K, 99% used [0x00000000e8d80000,0x00000000e9dfa768,0x00000000e9e00000)
  to   space 11264K, 0% used [0x00000000ea380000,0x00000000ea380000,0x00000000eae80000)
 ParOldGen       total 88064K, used 32259K [0x0000000081c00000, 0x0000000087200000, 0x00000000d5f00000)
  object space 88064K, 36% used [0x0000000081c00000,0x0000000083b80fb8,0x0000000087200000)
 Metaspace       used 39283K, capacity 39822K, committed 40104K, reserved 1085440K
  class space    used 4837K, capacity 4976K, committed 5040K, reserved 1048576K
}

